<?xml version="1.0" encoding="UTF-8"?>
<!-- Generated by org.testng.reporters.JUnitReportReporter -->
<testsuite skipped="0" hostname="Rahul_PC-PC" name="com.java.Login" tests="2" failures="0" timestamp="15 Oct 2018 17:10:40 GMT" time="19.657" errors="0">
  <testcase name="testCRMTitle" time="8.603" classname="com.java.Login"/>
  <testcase name="CRMLogo" time="11.054" classname="com.java.Login"/>
</testsuite> <!-- com.java.Login -->
